

Version:	3.14
CmdLine:	D:\OneDrive - USN\peepoSideScrollerV2\peepoRun.exe --l4j-debug
WOW64:		yes
Working dir:	D:\OneDrive - USN\peepoSideScrollerV2\.
Java min ver:	1.007.000
Java max ver:	
64-bit search:	SOFTWARE\JavaSoft\Java Runtime Environment...
Check:		SOFTWARE\JavaSoft\Java Runtime Environment\1.8
Check launcher:	C:\Program Files\Java\jre1.8.0_281\bin\javaw.exe (OK)
Match:		1.008.000
Check:		SOFTWARE\JavaSoft\Java Runtime Environment\1.8.0_281
Check launcher:	C:\Program Files\Java\jre1.8.0_281\bin\javaw.exe (OK)
Match:		1.008.000_281
64-bit search:	SOFTWARE\JavaSoft\Java Development Kit...
64-bit search:	SOFTWARE\JavaSoft\JRE...
64-bit search:	SOFTWARE\JavaSoft\JDK...
Runtime used:	1.008.000_281 (64-bit)
Launcher:	C:\Program Files\Java\jre1.8.0_281\bin\javaw.exe
Launcher args:	-jar "D:\OneDrive - USN\peepoSideScrollerV2\peepoRun.exe"
Args length:	57/32768 chars
Exit code:	0


Version:	3.14
CmdLine:	D:\OneDrive - USN\peepoSideScrollerV2\peepoRun.exe --l4j-debug
WOW64:		yes
Working dir:	D:\OneDrive - USN\peepoSideScrollerV2\.
Java min ver:	1.007.000
Java max ver:	
64-bit search:	SOFTWARE\JavaSoft\Java Runtime Environment...
Check:		SOFTWARE\JavaSoft\Java Runtime Environment\1.8
Check launcher:	C:\Program Files\Java\jre1.8.0_281\bin\javaw.exe (OK)
Match:		1.008.000
Check:		SOFTWARE\JavaSoft\Java Runtime Environment\1.8.0_281
Check launcher:	C:\Program Files\Java\jre1.8.0_281\bin\javaw.exe (OK)
Match:		1.008.000_281
64-bit search:	SOFTWARE\JavaSoft\Java Development Kit...
64-bit search:	SOFTWARE\JavaSoft\JRE...
64-bit search:	SOFTWARE\JavaSoft\JDK...
Runtime used:	1.008.000_281 (64-bit)
Launcher:	C:\Program Files\Java\jre1.8.0_281\bin\javaw.exe
Launcher args:	-jar "D:\OneDrive - USN\peepoSideScrollerV2\peepoRun.exe"
Args length:	57/32768 chars
Exit code:	0
