

Version:	3.14
CmdLine:	D:\OneDrive - USN\peepoSideScrollerV2\out\peepoRun.exe --l4j-debug
WOW64:		yes
Working dir:	D:\OneDrive - USN\peepoSideScrollerV2\out\.
Java min ver:	1.007.000
Java max ver:	1.009.000
Bundled JRE(s):	C:\Program Files\Java\jre1.8.0_281
Check launcher:	C:\Program Files\Java\jre1.8.0_281\bin\javaw.exe (OK)
Launcher:	C:\Program Files\Java\jre1.8.0_281\bin\javaw.exe
Launcher args:	-jar "D:\OneDrive - USN\peepoSideScrollerV2\out\peepoRun.exe"
Args length:	61/32768 chars
Exit code:	0


Version:	3.14
CmdLine:	D:\OneDrive - USN\peepoSideScrollerV2\out\peepoRun.exe --l4j-debug
WOW64:		yes
Working dir:	D:\OneDrive - USN\peepoSideScrollerV2\out\.
Java min ver:	1.007.000
Java max ver:	1.009.000
Bundled JRE(s):	C:\Program Files\Java\jre1.8.0_281
Check launcher:	C:\Program Files\Java\jre1.8.0_281\bin\javaw.exe (OK)
Launcher:	C:\Program Files\Java\jre1.8.0_281\bin\javaw.exe
Launcher args:	-jar "D:\OneDrive - USN\peepoSideScrollerV2\out\peepoRun.exe"
Args length:	61/32768 chars
Exit code:	0


Version:	3.14
CmdLine:	D:\OneDrive - USN\peepoSideScrollerV2\out\peepoRun.exe --l4j-debug
WOW64:		yes
Working dir:	D:\OneDrive - USN\peepoSideScrollerV2\out\.
Java min ver:	1.007.000
Java max ver:	1.009.000
Bundled JRE(s):	C:\Program Files\Java\jre1.8.0_281
Check launcher:	C:\Program Files\Java\jre1.8.0_281\bin\javaw.exe (OK)
Launcher:	C:\Program Files\Java\jre1.8.0_281\bin\javaw.exe
Launcher args:	-jar "D:\OneDrive - USN\peepoSideScrollerV2\out\peepoRun.exe"
Args length:	61/32768 chars
Exit code:	0


Version:	3.14
CmdLine:	D:\OneDrive - USN\peepoSideScrollerV2\out\peepoRun.exe --l4j-debug
WOW64:		yes
Working dir:	D:\OneDrive - USN\peepoSideScrollerV2\out\.
Java min ver:	1.007.000
Java max ver:	1.009.000
Bundled JRE(s):	C:\Program Files\Java\jre1.8.0_281
Check launcher:	C:\Program Files\Java\jre1.8.0_281\bin\javaw.exe (OK)
Launcher:	C:\Program Files\Java\jre1.8.0_281\bin\javaw.exe
Launcher args:	-jar "D:\OneDrive - USN\peepoSideScrollerV2\out\peepoRun.exe"
Args length:	61/32768 chars
Exit code:	0


Version:	3.14
CmdLine:	D:\OneDrive - USN\peepoSideScrollerV2\out\peepoRun.exe --l4j-debug
WOW64:		yes
Working dir:	D:\OneDrive - USN\peepoSideScrollerV2\out\.
Java min ver:	1.007.000
Java max ver:	
Bundled JRE(s):	C:\Program Files\Java\jdk-16
Check launcher:	C:\Program Files\Java\jdk-16\bin\javaw.exe (OK)
Launcher:	C:\Program Files\Java\jdk-16\bin\javaw.exe
Launcher args:	-jar "D:\OneDrive - USN\peepoSideScrollerV2\out\peepoRun.exe"
Args length:	61/32768 chars
Exit code:	0


Version:	3.14
CmdLine:	D:\OneDrive - USN\peepoSideScrollerV2\out\peepoRun.exe --l4j-debug
WOW64:		yes
Working dir:	D:\OneDrive - USN\peepoSideScrollerV2\out\.
Java min ver:	1.007.000
Java max ver:	
Bundled JRE(s):	C:\Program Files\Java\javafx-sdk-16
Check launcher:	C:\Program Files\Java\javafx-sdk-16\bin\javaw.exe (not found)
64-bit search:	SOFTWARE\JavaSoft\Java Runtime Environment...
Check:		SOFTWARE\JavaSoft\Java Runtime Environment\1.8
Check launcher:	C:\Program Files\Java\jre1.8.0_281\bin\javaw.exe (OK)
Match:		1.008.000
Check:		SOFTWARE\JavaSoft\Java Runtime Environment\1.8.0_281
Check launcher:	C:\Program Files\Java\jre1.8.0_281\bin\javaw.exe (OK)
Match:		1.008.000_281
64-bit search:	SOFTWARE\JavaSoft\Java Development Kit...
64-bit search:	SOFTWARE\JavaSoft\JRE...
64-bit search:	SOFTWARE\JavaSoft\JDK...
Check:		SOFTWARE\JavaSoft\JDK\16
Check launcher:	C:\Program Files\Java\jdk-16\bin\javaw.exe (OK)
Match:		1.016.000
Runtime used:	1.016.000 (64-bit)
Launcher:	C:\Program Files\Java\jdk-16\bin\javaw.exe
Launcher args:	-jar "D:\OneDrive - USN\peepoSideScrollerV2\out\peepoRun.exe"
Args length:	61/32768 chars
Exit code:	0


Version:	3.14
CmdLine:	D:\OneDrive - USN\peepoSideScrollerV2\out\peepoRun.exe --l4j-debug
WOW64:		yes
Working dir:	D:\OneDrive - USN\peepoSideScrollerV2\out\.
Java min ver:	1.007.000
Java max ver:	
Bundled JRE(s):	C:\Program Files\Java\javafx-sdk-16
Check launcher:	C:\Program Files\Java\javafx-sdk-16\bin\javaw.exe (not found)
64-bit search:	SOFTWARE\JavaSoft\Java Runtime Environment...
Check:		SOFTWARE\JavaSoft\Java Runtime Environment\1.8
Check launcher:	C:\Program Files\Java\jre1.8.0_281\bin\javaw.exe (OK)
Match:		1.008.000
Check:		SOFTWARE\JavaSoft\Java Runtime Environment\1.8.0_281
Check launcher:	C:\Program Files\Java\jre1.8.0_281\bin\javaw.exe (OK)
Match:		1.008.000_281
64-bit search:	SOFTWARE\JavaSoft\Java Development Kit...
64-bit search:	SOFTWARE\JavaSoft\JRE...
64-bit search:	SOFTWARE\JavaSoft\JDK...
Check:		SOFTWARE\JavaSoft\JDK\16
Check launcher:	C:\Program Files\Java\jdk-16\bin\javaw.exe (OK)
Match:		1.016.000
Runtime used:	1.016.000 (64-bit)
Launcher:	C:\Program Files\Java\jdk-16\bin\javaw.exe
Launcher args:	-jar "D:\OneDrive - USN\peepoSideScrollerV2\out\peepoRun.exe"
Args length:	61/32768 chars
Exit code:	0


Version:	3.14
CmdLine:	D:\OneDrive - USN\peepoSideScrollerV2\out\peepoRun.exe --l4j-debug
WOW64:		yes
Working dir:	D:\OneDrive - USN\peepoSideScrollerV2\out\.
Java min ver:	1.007.000
Java max ver:	
Bundled JRE(s):	C:\Program Files\Java\javafx-sdk-16
Check launcher:	C:\Program Files\Java\javafx-sdk-16\bin\javaw.exe (not found)
64-bit search:	SOFTWARE\JavaSoft\Java Development Kit...
32-bit search:	SOFTWARE\JavaSoft\Java Development Kit...
64-bit search:	SOFTWARE\JavaSoft\Java Runtime Environment...
Check:		SOFTWARE\JavaSoft\Java Runtime Environment\1.8
Check launcher:	C:\Program Files\Java\jre1.8.0_281\bin\javaw.exe (OK)
Match:		1.008.000
Check:		SOFTWARE\JavaSoft\Java Runtime Environment\1.8.0_281
Check launcher:	C:\Program Files\Java\jre1.8.0_281\bin\javaw.exe (OK)
Match:		1.008.000_281
64-bit search:	SOFTWARE\JavaSoft\JDK...
Check:		SOFTWARE\JavaSoft\JDK\16
Check launcher:	C:\Program Files\Java\jdk-16\bin\javaw.exe (OK)
Match:		1.016.000
64-bit search:	SOFTWARE\JavaSoft\JRE...
Runtime used:	1.016.000 (64-bit)
Launcher:	C:\Program Files\Java\jdk-16\bin\javaw.exe
Launcher args:	-jar "D:\OneDrive - USN\peepoSideScrollerV2\out\peepoRun.exe"
Args length:	61/32768 chars
Exit code:	0


Version:	3.14
CmdLine:	D:\OneDrive - USN\peepoSideScrollerV2\out\peepoRun.exe --l4j-debug
WOW64:		yes
Working dir:	D:\OneDrive - USN\peepoSideScrollerV2\out\.
Java min ver:	1.007.000
Java max ver:	
Bundled JRE(s):	C:\Program Files\Java\javafx-sdk-16
Check launcher:	C:\Program Files\Java\javafx-sdk-16\bin\javaw.exe (not found)
64-bit search:	SOFTWARE\JavaSoft\Java Development Kit...
32-bit search:	SOFTWARE\JavaSoft\Java Development Kit...
64-bit search:	SOFTWARE\JavaSoft\Java Runtime Environment...
Check:		SOFTWARE\JavaSoft\Java Runtime Environment\1.8
Check launcher:	C:\Program Files\Java\jre1.8.0_281\bin\javaw.exe (OK)
Match:		1.008.000
Check:		SOFTWARE\JavaSoft\Java Runtime Environment\1.8.0_281
Check launcher:	C:\Program Files\Java\jre1.8.0_281\bin\javaw.exe (OK)
Match:		1.008.000_281
64-bit search:	SOFTWARE\JavaSoft\JDK...
Check:		SOFTWARE\JavaSoft\JDK\16
Check launcher:	C:\Program Files\Java\jdk-16\bin\javaw.exe (OK)
Match:		1.016.000
64-bit search:	SOFTWARE\JavaSoft\JRE...
Runtime used:	1.016.000 (64-bit)
Launcher:	C:\Program Files\Java\jdk-16\bin\javaw.exe
Launcher args:	-jar "D:\OneDrive - USN\peepoSideScrollerV2\out\peepoRun.exe"
Args length:	61/32768 chars
Exit code:	0


Version:	3.14
CmdLine:	D:\OneDrive - USN\peepoSideScrollerV2\out\peepoRun.exe --l4j-debug
WOW64:		yes
Working dir:	D:\OneDrive - USN\peepoSideScrollerV2\out\.
Java min ver:	1.007.000
Java max ver:	
Bundled JRE(s):	C:\Program Files\BellSoft\LibericaJDK-16
Check launcher:	C:\Program Files\BellSoft\LibericaJDK-16\bin\javaw.exe (OK)
Launcher:	C:\Program Files\BellSoft\LibericaJDK-16\bin\javaw.exe
Launcher args:	-jar "D:\OneDrive - USN\peepoSideScrollerV2\out\peepoRun.exe"
Args length:	61/32768 chars
Exit code:	0


Version:	3.14
CmdLine:	D:\OneDrive - USN\peepoSideScrollerV2\out\peepoRun.exe --l4j-debug
WOW64:		yes
Working dir:	D:\OneDrive - USN\peepoSideScrollerV2\out\.
Java min ver:	1.007.000
Java max ver:	
Bundled JRE(s):	C:\Program Files\BellSoft\LibericaJDK-16
Check launcher:	C:\Program Files\BellSoft\LibericaJDK-16\bin\javaw.exe (OK)
Launcher:	C:\Program Files\BellSoft\LibericaJDK-16\bin\javaw.exe
Launcher args:	-jar "D:\OneDrive - USN\peepoSideScrollerV2\out\peepoRun.exe" java -jar peepoSideScrollerV2.jar --module-path "C:\Program Files\Java\javafx-sdk-15.0.1\lib" --add-modules javafx.controls,javafx.fxml
Args length:	197/32768 chars
Exit code:	0


Version:	3.14
CmdLine:	D:\OneDrive - USN\peepoSideScrollerV2\out\peepoRun.exe --l4j-debug
WOW64:		yes
Working dir:	D:\OneDrive - USN\peepoSideScrollerV2\out\.
Java min ver:	1.007.000
Java max ver:	
Bundled JRE(s):	C:\Program Files\BellSoft\LibericaJDK-16
Check launcher:	C:\Program Files\BellSoft\LibericaJDK-16\bin\javaw.exe (OK)
Launcher:	C:\Program Files\BellSoft\LibericaJDK-16\bin\javaw.exe
Launcher args:	-jar "D:\OneDrive - USN\peepoSideScrollerV2\out\peepoRun.exe" java -jar peepoSideScrollerV2.jar --module-path "C:\Program Files\Java\javafx-sdk-15.0.1\lib" --add-modules javafx.controls,javafx.fxml
Args length:	197/32768 chars
Exit code:	0


Version:	3.14
CmdLine:	D:\OneDrive - USN\peepoSideScrollerV2\out\peepoRun.exe --l4j-debug
WOW64:		yes
Working dir:	D:\OneDrive - USN\peepoSideScrollerV2\out\.
Java min ver:	1.007.000
Java max ver:	
Bundled JRE(s):	C:\Program Files\BellSoft\LibericaJDK-16
Check launcher:	C:\Program Files\BellSoft\LibericaJDK-16\bin\javaw.exe (OK)
Launcher:	C:\Program Files\BellSoft\LibericaJDK-16\bin\javaw.exe
Launcher args:	-jar "D:\OneDrive - USN\peepoSideScrollerV2\out\peepoRun.exe" java -jar peepoSideScrollerV2.jar --module-path C:\Program Files\Java\javafx-sdk-15.0.1\lib --add-modules javafx.controls,javafx.fxml
Args length:	195/32768 chars
Exit code:	0
